INFO 2024-11-08 09:34:52,494 django.utils.autoreload MainThread 139969241327424 autoreload autoreload.py 668 django.utils.autoreload run_with_reloader 255967 Watching for file changes with StatReloader
INFO 2024-11-08 09:35:01,953 django.server Thread-1 (process_request_thread) 139969190999808 basehttp basehttp.py 213 django.server log_message 255967 "GET /login HTTP/1.1" 200 1012
INFO 2024-11-08 09:35:01,967 django.server Thread-1 (process_request_thread) 139969190999808 basehttp basehttp.py 213 django.server log_message 255967 "GET /static/js/login.js HTTP/1.1" 304 0
INFO 2024-11-08 09:35:26,713 django.server Thread-1 (process_request_thread) 139969190999808 basehttp basehttp.py 213 django.server log_message 255967 "POST /api/1/login/ HTTP/1.1" 200 483
INFO 2024-11-08 09:35:26,722 django.server Thread-1 (process_request_thread) 139969190999808 basehttp basehttp.py 213 django.server log_message 255967 "GET /?page=1 HTTP/1.1" 200 4069
INFO 2024-11-08 09:35:26,817 django.server Thread-1 (process_request_thread) 139969190999808 basehttp basehttp.py 213 django.server log_message 255967 "GET /api/1/customer/fetch?page=1 HTTP/1.1" 200 965
INFO 2024-11-08 09:35:38,087 django.utils.autoreload MainThread 139969241327424 autoreload autoreload.py 266 django.utils.autoreload trigger_reload 255967 /home/manishankar/Documents/CustomerManagement/cusmanagement/cusmanagement/settings.py changed, reloading.
INFO 2024-11-08 09:35:38,356 django.utils.autoreload MainThread 140459640944448 autoreload autoreload.py 668 django.utils.autoreload run_with_reloader 256144 Watching for file changes with StatReloader
INFO 2024-11-10 09:36:07,146 django.utils.autoreload MainThread 140625238883200 autoreload autoreload.py 668 django.utils.autoreload run_with_reloader 8 Watching for file changes with StatReloader
INFO 2024-11-10 09:36:24,418 django.server Thread-1 140625190442688 basehttp basehttp.py 212 django.server log_message 8 "GET /admin/auth/user/ HTTP/1.1" 200 15079
INFO 2024-11-10 09:36:24,442 django.server Thread-3 140625190442688 basehttp basehttp.py 212 django.server log_message 8 "GET /static/admin/css/base.css HTTP/1.1" 304 0
INFO 2024-11-10 09:36:24,443 django.server Thread-4 140625182049984 basehttp basehttp.py 212 django.server log_message 8 "GET /static/admin/css/dark_mode.css HTTP/1.1" 304 0
INFO 2024-11-10 09:36:24,443 django.server Thread-5 140625172346560 basehttp basehttp.py 212 django.server log_message 8 "GET /static/admin/css/nav_sidebar.css HTTP/1.1" 304 0
INFO 2024-11-10 09:36:24,455 django.server Thread-5 140625172346560 basehttp basehttp.py 212 django.server log_message 8 "GET /static/admin/css/changelists.css HTTP/1.1" 304 0
INFO 2024-11-10 09:36:24,455 django.server Thread-3 140625190442688 basehttp basehttp.py 212 django.server log_message 8 "GET /static/admin/css/responsive.css HTTP/1.1" 304 0
INFO 2024-11-10 09:36:24,460 django.server Thread-4 140625182049984 basehttp basehttp.py 212 django.server log_message 8 "GET /admin/jsi18n/ HTTP/1.1" 200 3343
INFO 2024-11-10 09:36:24,466 django.server Thread-4 140625182049984 basehttp basehttp.py 212 django.server log_message 8 "GET /static/admin/js/vendor/jquery/jquery.js HTTP/1.1" 200 292458
INFO 2024-11-10 09:36:24,474 django.server Thread-4 140625182049984 basehttp basehttp.py 212 django.server log_message 8 "GET /static/admin/js/jquery.init.js HTTP/1.1" 304 0
INFO 2024-11-10 09:36:24,524 django.server Thread-4 140625182049984 basehttp basehttp.py 212 django.server log_message 8 "GET /static/admin/js/core.js HTTP/1.1" 304 0
INFO 2024-11-10 09:36:24,524 django.server Thread-3 140625190442688 basehttp basehttp.py 212 django.server log_message 8 "GET /static/admin/js/admin/RelatedObjectLookups.js HTTP/1.1" 304 0
INFO 2024-11-10 09:36:24,530 django.server Thread-5 140625172346560 basehttp basehttp.py 212 django.server log_message 8 "GET /static/admin/js/actions.js HTTP/1.1" 304 0
INFO 2024-11-10 09:36:24,595 django.server Thread-5 140625172346560 basehttp basehttp.py 212 django.server log_message 8 "GET /static/admin/js/urlify.js HTTP/1.1" 304 0
INFO 2024-11-10 09:36:24,597 django.server Thread-3 140625190442688 basehttp basehttp.py 212 django.server log_message 8 "GET /static/admin/js/prepopulate.js HTTP/1.1" 304 0
INFO 2024-11-10 09:36:24,600 django.server Thread-6 140625163691712 basehttp basehttp.py 212 django.server log_message 8 "GET /static/admin/img/search.svg HTTP/1.1" 304 0
INFO 2024-11-10 09:36:24,601 django.server Thread-7 140624812570304 basehttp basehttp.py 212 django.server log_message 8 "GET /static/admin/img/icon-no.svg HTTP/1.1" 200 560
INFO 2024-11-10 09:36:24,601 django.server Thread-4 140625182049984 basehttp basehttp.py 212 django.server log_message 8 "GET /static/admin/js/vendor/xregexp/xregexp.js HTTP/1.1" 200 232381
INFO 2024-11-10 09:36:24,608 django.server Thread-7 140624812570304 basehttp basehttp.py 212 django.server log_message 8 "GET /static/admin/img/icon-yes.svg HTTP/1.1" 200 436
INFO 2024-11-10 09:36:24,660 django.server Thread-3 140625190442688 basehttp basehttp.py 212 django.server log_message 8 "GET /static/admin/js/filters.js HTTP/1.1" 304 0
INFO 2024-11-10 09:36:24,662 django.server Thread-7 140624812570304 basehttp basehttp.py 212 django.server log_message 8 "GET /static/admin/js/theme.js HTTP/1.1" 304 0
INFO 2024-11-10 09:36:24,662 django.server Thread-5 140625172346560 basehttp basehttp.py 212 django.server log_message 8 "GET /static/admin/js/nav_sidebar.js HTTP/1.1" 304 0
INFO 2024-11-10 09:36:24,740 django.server Thread-5 140625172346560 basehttp basehttp.py 212 django.server log_message 8 "GET /static/admin/img/icon-addlink.svg HTTP/1.1" 304 0
INFO 2024-11-10 09:36:24,740 django.server Thread-3 140625190442688 basehttp basehttp.py 212 django.server log_message 8 "GET /static/admin/img/tooltag-add.svg HTTP/1.1" 304 0
INFO 2024-11-10 09:36:24,743 django.server Thread-7 140624812570304 basehttp basehttp.py 212 django.server log_message 8 "GET /static/admin/img/sorting-icons.svg HTTP/1.1" 200 1097
INFO 2024-11-10 09:36:24,774 django.server Thread-6 140625163691712 basehttp basehttp.py 212 django.server log_message 8 "GET /static/dashboard_responsive.css HTTP/1.1" 304 0
INFO 2024-11-10 09:36:24,775 django.server Thread-4 140625182049984 basehttp basehttp.py 212 django.server log_message 8 "GET /static/dashboard.css HTTP/1.1" 304 0
INFO 2024-11-10 09:36:24,807 django.server Thread-3 140625190442688 basehttp basehttp.py 212 django.server log_message 8 "GET /static/js/dashboard.js HTTP/1.1" 304 0
WARNING 2024-11-10 09:36:24,816 django.request Thread-7 140624812570304 log log.py 241 django.request log_response 8 Not Found: /favicon.ico
WARNING 2024-11-10 09:36:24,816 django.server Thread-7 140624812570304 basehttp basehttp.py 212 django.server log_message 8 "GET /favicon.ico HTTP/1.1" 404 2918
WARNING 2024-11-10 09:36:24,888 django.request Thread-3 140625190442688 log log.py 241 django.request log_response 8 Unauthorized: /api/1/customer/fetch
WARNING 2024-11-10 09:36:24,889 django.server Thread-3 140625190442688 basehttp basehttp.py 212 django.server log_message 8 "GET /api/1/customer/fetch?page=1 HTTP/1.1" 401 183
INFO 2024-11-10 09:36:24,944 django.server Thread-3 140625190442688 basehttp basehttp.py 212 django.server log_message 8 "GET /login HTTP/1.1" 200 1012
INFO 2024-11-10 09:36:25,000 django.server Thread-3 140625190442688 basehttp basehttp.py 212 django.server log_message 8 "GET /static/style.css HTTP/1.1" 304 0
INFO 2024-11-10 09:36:25,001 django.server Thread-7 140624812570304 basehttp basehttp.py 212 django.server log_message 8 "GET /static/js/login.js HTTP/1.1" 304 0
